<?xml version="1.0" encoding="UTF-8"?>
<!-- Generated by org.testng.reporters.JUnitXMLReporter -->
<testsuite ignored="0" hostname="DESKTOP-LO85T0O" failures="0" tests="3" name="Default test" time="0.123" errors="0" timestamp="2022-10-10T19:50:18 IST">
  <testcase classname="GroupingPractices.TestCase1" name="Test1" time="0.013"/>
  <testcase classname="GroupingPractices.TestCase1" name="Test2" time="0.003"/>
  <testcase classname="GroupingPractices.TestCase1" name="Test3" time="0.002"/>
</testsuite> <!-- Default test -->
