<?xml version="1.0" encoding="UTF-8"?>
<!-- Generated by org.testng.reporters.JUnitXMLReporter -->
<testsuite ignored="6" hostname="DESKTOP-LO85T0O" failures="0" tests="3" name="Functional Test" time="0.103" errors="0" timestamp="2022-10-10T19:50:37 IST">
  <testcase classname="GroupingPractices.TestCase1" name="Test3" time="0.006"/>
  <testcase classname="GroupingPractices.TestCase2" name="Test6" time="0.002"/>
  <testcase classname="GroupingPractices.TestCase3" name="Test9" time="0.004"/>
  <testcase classname="GroupingPractices.TestCase1" name="Test1" time="0.0">
    <ignored/>
  </testcase> <!-- Test1 -->
  <testcase classname="GroupingPractices.TestCase3" name="Test8" time="0.0">
    <ignored/>
  </testcase> <!-- Test8 -->
  <testcase classname="GroupingPractices.TestCase3" name="Test7" time="0.0">
    <ignored/>
  </testcase> <!-- Test7 -->
  <testcase classname="GroupingPractices.TestCase2" name="Test5" time="0.0">
    <ignored/>
  </testcase> <!-- Test5 -->
  <testcase classname="GroupingPractices.TestCase1" name="Test2" time="0.0">
    <ignored/>
  </testcase> <!-- Test2 -->
  <testcase classname="GroupingPractices.TestCase2" name="Test4" time="0.0">
    <ignored/>
  </testcase> <!-- Test4 -->
</testsuite> <!-- Functional Test -->
