<?xml version="1.0" encoding="UTF-8"?>
<testng-results ignored="6" total="9" passed="3" failed="0" skipped="0">
  <reporter-output>
  </reporter-output>
  <suite started-at="2022-10-10T19:50:37 IST" name="Functional  test Suite" finished-at="2022-10-10T19:50:37 IST" duration-ms="103">
    <groups>
      <group name="Functional">
        <method signature="TestCase1.Test3()[pri:0, instance:GroupingPractices.TestCase1@cad498c]" name="Test3" class="GroupingPractices.TestCase1"/>
        <method signature="TestCase2.Test6()[pri:0, instance:GroupingPractices.TestCase2@649bec2e]" name="Test6" class="GroupingPractices.TestCase2"/>
        <method signature="TestCase3.Test9()[pri:0, instance:GroupingPractices.TestCase3@31e5415e]" name="Test9" class="GroupingPractices.TestCase3"/>
      </group> <!-- Functional -->
      <group name="Regression">
        <method signature="TestCase1.Test3()[pri:0, instance:GroupingPractices.TestCase1@cad498c]" name="Test3" class="GroupingPractices.TestCase1"/>
        <method signature="TestCase2.Test6()[pri:0, instance:GroupingPractices.TestCase2@649bec2e]" name="Test6" class="GroupingPractices.TestCase2"/>
        <method signature="TestCase3.Test9()[pri:0, instance:GroupingPractices.TestCase3@31e5415e]" name="Test9" class="GroupingPractices.TestCase3"/>
      </group> <!-- Regression -->
    </groups>
    <test started-at="2022-10-10T19:50:37 IST" name="Functional Test" finished-at="2022-10-10T19:50:37 IST" duration-ms="103">
      <class name="GroupingPractices.TestCase1">
        <test-method is-config="true" signature="openDB()[pri:0, instance:GroupingPractices.TestCase1@cad498c]" started-at="2022-10-10T19:50:37 IST" name="openDB" finished-at="2022-10-10T19:50:37 IST" duration-ms="10" status="PASS">
          <reporter-output>
          </reporter-output>
        </test-method> <!-- openDB -->
        <test-method is-config="true" signature="openBrowser()[pri:0, instance:GroupingPractices.TestCase1@cad498c]" started-at="2022-10-10T19:50:37 IST" name="openBrowser" finished-at="2022-10-10T19:50:37 IST" duration-ms="1" status="PASS">
          <reporter-output>
          </reporter-output>
        </test-method> <!-- openBrowser -->
        <test-method signature="Test3()[pri:0, instance:GroupingPractices.TestCase1@cad498c]" started-at="2022-10-10T19:50:37 IST" name="Test3" finished-at="2022-10-10T19:50:37 IST" duration-ms="6" status="PASS">
          <reporter-output>
          </reporter-output>
        </test-method> <!-- Test3 -->
        <test-method is-config="true" signature="closeBrowser()[pri:0, instance:GroupingPractices.TestCase1@cad498c]" started-at="2022-10-10T19:50:37 IST" name="closeBrowser" finished-at="2022-10-10T19:50:37 IST" duration-ms="1" status="PASS">
          <reporter-output>
          </reporter-output>
        </test-method> <!-- closeBrowser -->
        <test-method is-config="true" signature="closeDB()[pri:0, instance:GroupingPractices.TestCase1@cad498c]" started-at="2022-10-10T19:50:37 IST" name="closeDB" finished-at="2022-10-10T19:50:37 IST" duration-ms="0" status="PASS">
          <reporter-output>
          </reporter-output>
        </test-method> <!-- closeDB -->
      </class> <!-- GroupingPractices.TestCase1 -->
      <class name="GroupingPractices.TestCase2">
        <test-method is-config="true" signature="openBrowser()[pri:0, instance:GroupingPractices.TestCase2@649bec2e]" started-at="2022-10-10T19:50:37 IST" name="openBrowser" finished-at="2022-10-10T19:50:37 IST" duration-ms="1" status="PASS">
          <reporter-output>
          </reporter-output>
        </test-method> <!-- openBrowser -->
        <test-method signature="Test6()[pri:0, instance:GroupingPractices.TestCase2@649bec2e]" started-at="2022-10-10T19:50:37 IST" name="Test6" finished-at="2022-10-10T19:50:37 IST" duration-ms="2" status="PASS">
          <reporter-output>
          </reporter-output>
        </test-method> <!-- Test6 -->
        <test-method is-config="true" signature="closeBrowser()[pri:0, instance:GroupingPractices.TestCase2@649bec2e]" started-at="2022-10-10T19:50:37 IST" name="closeBrowser" finished-at="2022-10-10T19:50:37 IST" duration-ms="2" status="PASS">
          <reporter-output>
          </reporter-output>
        </test-method> <!-- closeBrowser -->
      </class> <!-- GroupingPractices.TestCase2 -->
      <class name="GroupingPractices.TestCase3">
        <test-method is-config="true" signature="openBrowser()[pri:0, instance:GroupingPractices.TestCase3@31e5415e]" started-at="2022-10-10T19:50:37 IST" name="openBrowser" finished-at="2022-10-10T19:50:37 IST" duration-ms="3" status="PASS">
          <reporter-output>
          </reporter-output>
        </test-method> <!-- openBrowser -->
        <test-method signature="Test9()[pri:0, instance:GroupingPractices.TestCase3@31e5415e]" started-at="2022-10-10T19:50:37 IST" name="Test9" finished-at="2022-10-10T19:50:37 IST" duration-ms="4" status="PASS">
          <reporter-output>
          </reporter-output>
        </test-method> <!-- Test9 -->
        <test-method is-config="true" signature="closeBrowser()[pri:0, instance:GroupingPractices.TestCase3@31e5415e]" started-at="2022-10-10T19:50:37 IST" name="closeBrowser" finished-at="2022-10-10T19:50:37 IST" duration-ms="0" status="PASS">
          <reporter-output>
          </reporter-output>
        </test-method> <!-- closeBrowser -->
      </class> <!-- GroupingPractices.TestCase3 -->
    </test> <!-- Functional Test -->
  </suite> <!-- Functional  test Suite -->
</testng-results>
