<?xml version="1.0" encoding="UTF-8"?>
<!-- Generated by org.testng.reporters.JUnitXMLReporter -->
<testsuite ignored="3" hostname="DESKTOP-LO85T0O" failures="0" tests="6" name="OtherTest" time="0.168" errors="0" timestamp="2022-09-23T14:03:29 IST">
  <testcase classname="GroupingPractices.TestCase1" name="Test2" time="0.009"/>
  <testcase classname="GroupingPractices.TestCase1" name="Test3" time="0.014"/>
  <testcase classname="GroupingPractices.TestCase2" name="Test5" time="0.01"/>
  <testcase classname="GroupingPractices.TestCase2" name="Test6" time="0.013"/>
  <testcase classname="GroupingPractices.TestCase3" name="Test8" time="0.004"/>
  <testcase classname="GroupingPractices.TestCase3" name="Test9" time="0.004"/>
  <testcase classname="GroupingPractices.TestCase1" name="Test1" time="0.0">
    <ignored/>
  </testcase> <!-- Test1 -->
  <testcase classname="GroupingPractices.TestCase3" name="Test7" time="0.0">
    <ignored/>
  </testcase> <!-- Test7 -->
  <testcase classname="GroupingPractices.TestCase2" name="Test4" time="0.0">
    <ignored/>
  </testcase> <!-- Test4 -->
</testsuite> <!-- OtherTest -->
